<?xml version="1.0" encoding="UTF-8"?>
<testng-results skipped="0" failed="0" ignored="0" total="1" passed="1">
  <reporter-output>
  </reporter-output>
  <suite name="Default suite" duration-ms="54498" started-at="2020-12-18T08:45:14Z" finished-at="2020-12-18T08:46:09Z">
    <groups>
    </groups>
    <test name="Default test" duration-ms="54498" started-at="2020-12-18T08:45:14Z" finished-at="2020-12-18T08:46:09Z">
      <class name="gt.DemoB">
        <test-method status="PASS" signature="validLoginTest(java.lang.String, java.lang.String)[pri:0, instance:gt.DemoB@2d45ba]" name="validLoginTest" duration-ms="54402" started-at="2020-12-18T08:45:14Z" data-provider="dataValue" finished-at="2020-12-18T08:46:09Z">
          <params>
            <param index="0">
              <value>
                <![CDATA[admin]]>
              </value>
            </param>
            <param index="1">
              <value>
                <![CDATA[manager]]>
              </value>
            </param>
          </params>
          <reporter-output>
          </reporter-output>
        </test-method> <!-- validLoginTest -->
      </class> <!-- gt.DemoB -->
    </test> <!-- Default test -->
  </suite> <!-- Default suite -->
</testng-results>
