<?xml version="1.0" encoding="UTF-8"?>
<testng-results skipped="0" failed="0" ignored="0" total="1" passed="1">
  <reporter-output>
  </reporter-output>
  <suite name="Default suite" duration-ms="97000" started-at="2020-12-25T07:57:01Z" finished-at="2020-12-25T07:58:38Z">
    <groups>
    </groups>
    <test name="Default test" duration-ms="97000" started-at="2020-12-25T07:57:01Z" finished-at="2020-12-25T07:58:38Z">
      <class name="com.Qspi.MavaenProject.Demo">
        <test-method status="PASS" signature="test()[pri:0, instance:com.Qspi.MavaenProject.Demo@1057a39]" name="test" duration-ms="96642" started-at="2020-12-25T07:57:02Z" finished-at="2020-12-25T07:58:38Z">
          <reporter-output>
          </reporter-output>
        </test-method> <!-- test -->
      </class> <!-- com.Qspi.MavaenProject.Demo -->
    </test> <!-- Default test -->
  </suite> <!-- Default suite -->
</testng-results>
